Using pre-set license
Built from '2020.3/staging' branch; Version is '2020.3.22f1 (e1a7f79fd887) revision 14788599'; Using compiler version '192528614'; Build Type 'Release'
OS: 'Windows 10 Pro; OS build 22000.318; Version 2009; 64bit' Language: 'en' Physical Memory: 32703 MB
BatchMode: 1, IsHumanControllingUs: 0, StartBugReporterOnCrash: 0, Is64bit: 1, IsPro: 0

COMMAND LINE ARGUMENTS:
C:\Program Files\Unity\Hub\Editor\2020.3.22f1\Editor\Unity.exe
-adb2
-batchMode
-noUpm
-name
AssetImportWorker2
-projectPath
C:/Users/xavie/Desktop/As Below
-logFile
Logs/AssetImportWorker2.log
-srvPort
58599
Successfully changed project path to: C:/Users/xavie/Desktop/As Below
C:/Users/xavie/Desktop/As Below
Using Asset Import Pipeline V2.
Refreshing native plugins compatible for Editor in 107.35 ms, found 2 plugins.
Preloading 0 native plugins for Editor in 0.00 ms.
Initialize engine version: 2020.3.22f1 (e1a7f79fd887)
[Subsystems] Discovering subsystems at path C:/Program Files/Unity/Hub/Editor/2020.3.22f1/Editor/Data/Resources/UnitySubsystems
[Subsystems] Discovering subsystems at path C:/Users/xavie/Desktop/As Below/Assets
GfxDevice: creating device client; threaded=0
Direct3D:
    Version:  Direct3D 11.0 [level 11.1]
    Renderer: NVIDIA GeForce RTX 3080 (ID=0x2206)
    Vendor:   
    VRAM:     10078 MB
    Driver:   30.0.14.9676
Initialize mono
Mono path[0] = 'C:/Program Files/Unity/Hub/Editor/2020.3.22f1/Editor/Data/Managed'
Mono path[1] = 'C:/Program Files/Unity/Hub/Editor/2020.3.22f1/Editor/Data/MonoBleedingEdge/lib/mono/unityjit'
Mono config path = 'C:/Program Files/Unity/Hub/Editor/2020.3.22f1/Editor/Data/MonoBleedingEdge/etc'
Using monoOptions --debugger-agent=transport=dt_socket,embedding=1,server=y,suspend=n,address=127.0.0.1:56516
Begin MonoManager ReloadAssembly
Registering precompiled unity dll's ...
Register platform support module: C:/Program Files/Unity/Hub/Editor/2020.3.22f1/Editor/Data/PlaybackEngines/WebGLSupport/UnityEditor.WebGL.Extensions.dll
Register platform support module: C:/Program Files/Unity/Hub/Editor/2020.3.22f1/Editor/Data/PlaybackEngines/WindowsStandaloneSupport/UnityEditor.WindowsStandalone.Extensions.dll
Registered in 0.001729 seconds.
Native extension for WindowsStandalone target not found
Native extension for WebGL target not found
Refreshing native plugins compatible for Editor in 156.98 ms, found 2 plugins.
Preloading 0 native plugins for Editor in 0.00 ms.
Mono: successfully reloaded assembly
- Completed reload, in  2.069 seconds
Domain Reload Profiling:
	ReloadAssembly (2070ms)
		BeginReloadAssembly (61ms)
			ExecutionOrderSort (0ms)
			DisableScriptedObjects (0ms)
			BackupInstance (0ms)
			ReleaseScriptingObjects (0ms)
			CreateAndSetChildDomain (1ms)
		EndReloadAssembly (887ms)
			LoadAssemblies (59ms)
			RebuildTransferFunctionScriptingTraits (0ms)
			SetupTypeCache (372ms)
			ReleaseScriptCaches (0ms)
			RebuildScriptCaches (54ms)
			SetupLoadedEditorAssemblies (316ms)
				LogAssemblyErrors (0ms)
				InitializePlatformSupportModulesInManaged (5ms)
				SetLoadedEditorAssemblies (0ms)
				RefreshPlugins (157ms)
				BeforeProcessingInitializeOnLoad (15ms)
				ProcessInitializeOnLoadAttributes (106ms)
				ProcessInitializeOnLoadMethodAttributes (32ms)
				AfterProcessingInitializeOnLoad (0ms)
				EditorAssembliesLoaded (0ms)
			ExecutionOrderSort2 (0ms)
			AwakeInstancesAfterBackupRestoration (0ms)
Platform modules already initialized, skipping
Registering precompiled user dll's ...
Registered in 0.004688 seconds.
Begin MonoManager ReloadAssembly
Native extension for WindowsStandalone target not found
Native extension for WebGL target not found
Refreshing native plugins compatible for Editor in 130.68 ms, found 2 plugins.
Preloading 0 native plugins for Editor in 0.00 ms.
Mono: successfully reloaded assembly
- Completed reload, in  3.645 seconds
Domain Reload Profiling:
	ReloadAssembly (3646ms)
		BeginReloadAssembly (175ms)
			ExecutionOrderSort (0ms)
			DisableScriptedObjects (4ms)
			BackupInstance (0ms)
			ReleaseScriptingObjects (0ms)
			CreateAndSetChildDomain (21ms)
		EndReloadAssembly (3394ms)
			LoadAssemblies (107ms)
			RebuildTransferFunctionScriptingTraits (0ms)
			SetupTypeCache (776ms)
			ReleaseScriptCaches (1ms)
			RebuildScriptCaches (162ms)
			SetupLoadedEditorAssemblies (2147ms)
				LogAssemblyErrors (0ms)
				InitializePlatformSupportModulesInManaged (9ms)
				SetLoadedEditorAssemblies (0ms)
				RefreshPlugins (131ms)
				BeforeProcessingInitializeOnLoad (149ms)
				ProcessInitializeOnLoadAttributes (589ms)
				ProcessInitializeOnLoadMethodAttributes (1261ms)
				AfterProcessingInitializeOnLoad (9ms)
				EditorAssembliesLoaded (0ms)
			ExecutionOrderSort2 (0ms)
			AwakeInstancesAfterBackupRestoration (6ms)
Platform modules already initialized, skipping
========================================================================
Worker process is ready to serve import requests
Launched and connected shader compiler UnityShaderCompiler.exe after 0.14 seconds
Refreshing native plugins compatible for Editor in 0.86 ms, found 2 plugins.
Preloading 0 native plugins for Editor in 0.00 ms.
Unloading 4165 Unused Serialized files (Serialized files now loaded: 0)
System memory in use before: 191.2 MB.
System memory in use after: 191.4 MB.

Unloading 23 unused Assets to reduce memory usage. Loaded Objects now: 4602.
Total: 4.174400 ms (FindLiveObjects: 0.624700 ms CreateObjectMapping: 0.309200 ms MarkObjects: 3.179500 ms  DeleteObjects: 0.059900 ms)

AssetImportParameters requested are different than current active one (requested -> active):
  custom:framework-win-MediaFoundation: 216162199b28c13a410421893ffa2e32 -> 
  custom:video-decoder-ogg-theora: a1e56fd34408186e4bbccfd4996cb3dc -> 
  custom:container-muxer-webm: aa71ff27fc2769a1b78a27578f13a17b -> 
  custom:container-demuxer-webm: 4f35f7cbe854078d1ac9338744f61a02 -> 
  custom:container-demuxer-ogg: 62fdf1f143b41e24485cea50d1cbac27 -> 
  custom:video-encoder-webm-vp8: eb34c28f22e8b96e1ab97ce403110664 -> 
  custom:video-decoder-webm-vp8: 9c59270c3fd7afecdb556c50c9e8de78 -> 
  custom:audio-decoder-ogg-vorbis: bf7c407c2cedff20999df2af8eb42d56 -> 
  custom:audio-encoder-webm-vorbis: bf7c407c2cedff20999df2af8eb42d56 -> 
========================================================================
Received Import Request.
  path: Assets/As Below/Shader/Stylized Water.mat
  artifactKey: Guid(7589afa7681f5044894db3e106cb7662) Importer(815301076,1909f56bfc062723c751e8b465ee728b)
Start importing Assets/As Below/Shader/Stylized Water.mat using Guid(7589afa7681f5044894db3e106cb7662) Importer(815301076,1909f56bfc062723c751e8b465ee728b)  -> (artifact id: 'f1b7d8826c5a6bccd103e50c02ebdcda') in 2.861556 seconds 
  Import took 2.871416 seconds .

========================================================================
Received Import Request.
  Time since last request: 0.000175 seconds.
  path: Assets/As Below/Shader/Depth Fade.shadersubgraph
  artifactKey: Guid(b6162a2876e16c244bd929d7953c638d) Importer(815301076,1909f56bfc062723c751e8b465ee728b)
Start importing Assets/As Below/Shader/Depth Fade.shadersubgraph using Guid(b6162a2876e16c244bd929d7953c638d) Importer(815301076,1909f56bfc062723c751e8b465ee728b)  -> (artifact id: '4e4329d085bb1d9311429930da3ca177') in 0.018186 seconds 
  Import took 0.024056 seconds .

========================================================================
Received Import Request.
  Time since last request: 211.094951 seconds.
  path: Assets/As Below/Shader/Stylelized Water.shadergraph
  artifactKey: Guid(eb8ffdf6df9889648b2629f25bf03044) Importer(815301076,1909f56bfc062723c751e8b465ee728b)
Start importing Assets/As Below/Shader/Stylelized Water.shadergraph using Guid(eb8ffdf6df9889648b2629f25bf03044) Importer(815301076,1909f56bfc062723c751e8b465ee728b)  -> (artifact id: 'c0914a9641e52db38e069605a1dd56b3') in 0.015995 seconds 
  Import took 0.027737 seconds .

========================================================================
Received Import Request.
  Time since last request: 333.420480 seconds.
  path: Assets/As Below
  artifactKey: Guid(d7fc76738c3b7a34c85b983354230bff) Importer(815301076,1909f56bfc062723c751e8b465ee728b)
Start importing Assets/As Below using Guid(d7fc76738c3b7a34c85b983354230bff) Importer(815301076,1909f56bfc062723c751e8b465ee728b)  -> (artifact id: '758d4701f89e1a5c888be5826418e83b') in 0.011500 seconds 
  Import took 0.018415 seconds .

========================================================================
Received Import Request.
  Time since last request: 4.659773 seconds.
  path: Assets/As Below/Dependencies
  artifactKey: Guid(3db2b067c3bbe5a429402db5ff14a94c) Importer(815301076,1909f56bfc062723c751e8b465ee728b)
Start importing Assets/As Below/Dependencies using Guid(3db2b067c3bbe5a429402db5ff14a94c) Importer(815301076,1909f56bfc062723c751e8b465ee728b)  -> (artifact id: 'ef2d049a122dc5cf727c8b5dc0fbacf5') in 0.010116 seconds 
  Import took 0.018254 seconds .

