Using pre-set license
Built from '2020.2/release' branch; Version is '2020.2.2f1 (068178b99f32) revision 426360'; Using compiler version '192528614'; Build Type 'Release'
OS: 'Windows 10 Pro; OS build 22000.318; Version 2009; 64bit' Language: 'en' Physical Memory: 32703 MB
BatchMode: 1, IsHumanControllingUs: 0, StartBugReporterOnCrash: 0, Is64bit: 1, IsPro: 0

 COMMAND LINE ARGUMENTS:
C:\Program Files\Unity\Hub\Editor\2020.2.2f1\Editor\Unity.exe
-adb2
-batchMode
-noUpm
-name
AssetImportWorker1
-projectPath
F:/Unity Projects/As-Below-Game-Jam-3
-logFile
Logs/AssetImportWorker1.log
-srvPort
51323
Successfully changed project path to: F:/Unity Projects/As-Below-Game-Jam-3
F:/Unity Projects/As-Below-Game-Jam-3
Using Asset Import Pipeline V2.
Refreshing native plugins compatible for Editor in 39.70 ms, found 0 plugins.
Preloading 0 native plugins for Editor in 0.00 ms.
Initialize engine version: 2020.2.2f1 (068178b99f32)
[Subsystems] Discovering subsystems at path C:/Program Files/Unity/Hub/Editor/2020.2.2f1/Editor/Data/Resources/UnitySubsystems
[Subsystems] Discovering subsystems at path F:/Unity Projects/As-Below-Game-Jam-3/Assets
GfxDevice: creating device client; threaded=0
Direct3D:
    Version:  Direct3D 11.0 [level 11.1]
    Renderer: NVIDIA GeForce RTX 3080 (ID=0x2206)
    Vendor:   
    VRAM:     10078 MB
    Driver:   30.0.14.9613
Initialize mono
Mono path[0] = 'C:/Program Files/Unity/Hub/Editor/2020.2.2f1/Editor/Data/Managed'
Mono path[1] = 'C:/Program Files/Unity/Hub/Editor/2020.2.2f1/Editor/Data/MonoBleedingEdge/lib/mono/unityjit'
Mono config path = 'C:/Program Files/Unity/Hub/Editor/2020.2.2f1/Editor/Data/MonoBleedingEdge/etc'
Using monoOptions --debugger-agent=transport=dt_socket,embedding=1,server=y,suspend=n,address=127.0.0.1:56860
Begin MonoManager ReloadAssembly
Registering precompiled unity dll's ...
Register platform support module: C:/Program Files/Unity/Hub/Editor/2020.2.2f1/Editor/Data/PlaybackEngines/WebGLSupport/UnityEditor.WebGL.Extensions.dll
Register platform support module: C:/Program Files/Unity/Hub/Editor/2020.2.2f1/Editor/Data/PlaybackEngines/WindowsStandaloneSupport/UnityEditor.WindowsStandalone.Extensions.dll
Registered in 0.001669 seconds.
Native extension for WindowsStandalone target not found
Native extension for WebGL target not found
Refreshing native plugins compatible for Editor in 53.75 ms, found 0 plugins.
Preloading 0 native plugins for Editor in 0.00 ms.
Invoked RoslynAnalysisRunner static constructor.
RoslynAnalysisRunner will not be running.
RoslynAnalysisRunner has terminated.
Mono: successfully reloaded assembly
- Completed reload, in  2.245 seconds
Platform modules already initialized, skipping
Registering precompiled user dll's ...
Registered in 0.001502 seconds.
Begin MonoManager ReloadAssembly
Native extension for WindowsStandalone target not found
Native extension for WebGL target not found
Refreshing native plugins compatible for Editor in 69.24 ms, found 0 plugins.
Preloading 0 native plugins for Editor in 0.00 ms.
Invoked RoslynAnalysisRunner static constructor.
RoslynAnalysisRunner will not be running.
RoslynAnalysisRunner has terminated.
Mono: successfully reloaded assembly
- Completed reload, in  1.926 seconds
Platform modules already initialized, skipping
========================================================================
Worker process is ready to serve import requests
Shader 'Universal Render Pipeline/Particles/Lit': fallback shader 'Universal Render Pipeline/Particles/SimpleLit' not found
Shader 'Universal Render Pipeline/Particles/Lit': fallback shader 'Universal Render Pipeline/Particles/SimpleLit' not found
Launched and connected shader compiler UnityShaderCompiler.exe after 0.04 seconds
Refreshing native plugins compatible for Editor in 0.67 ms, found 0 plugins.
Preloading 0 native plugins for Editor in 0.00 ms.
Unloading 2350 Unused Serialized files (Serialized files now loaded: 0)
System memory in use before: 108.7 MB.
System memory in use after: 105.9 MB.

Unloading 56 unused Assets to reduce memory usage. Loaded Objects now: 2748.
Total: 3.859600 ms (FindLiveObjects: 0.292100 ms CreateObjectMapping: 0.189300 ms MarkObjects: 1.977800 ms  DeleteObjects: 1.398900 ms)

========================================================================
Received Import Request.
  path: Assets/As Below/Shaders/Snow/SnowTracks.shader
  artifactKey: Guid(3aed527d7f92ac040b9cfbd7496d6231) Importer(815301076,1909f56bfc062723c751e8b465ee728b)
Start importing Assets/As Below/Shaders/Snow/SnowTracks.shader using Guid(3aed527d7f92ac040b9cfbd7496d6231) Importer(815301076,1909f56bfc062723c751e8b465ee728b)  -> (artifact id: 'd3122fbda482140f47f356c5e6481c43') in 0.078099 seconds
  Import took 0.081397 seconds .

========================================================================
Received Import Request.
  Time since last request: 16.395460 seconds.
  path: Assets/As Below/Shaders/Snow/SnowTracks.shader
  artifactKey: Guid(3aed527d7f92ac040b9cfbd7496d6231) Importer(815301076,1909f56bfc062723c751e8b465ee728b)
Start importing Assets/As Below/Shaders/Snow/SnowTracks.shader using Guid(3aed527d7f92ac040b9cfbd7496d6231) Importer(815301076,1909f56bfc062723c751e8b465ee728b)  -> (artifact id: 'e840d9ed08796283431f0f0f3ae960c3') in 0.051219 seconds
  Import took 0.067009 seconds .

========================================================================
Received Import Request.
  Time since last request: 0.016640 seconds.
  path: Assets/As Below/Shaders/Snow/SnowTracks.shader
  artifactKey: Guid(3aed527d7f92ac040b9cfbd7496d6231) Importer(815301076,1909f56bfc062723c751e8b465ee728b)
Start importing Assets/As Below/Shaders/Snow/SnowTracks.shader using Guid(3aed527d7f92ac040b9cfbd7496d6231) Importer(815301076,1909f56bfc062723c751e8b465ee728b)  -> (artifact id: 'e840d9ed08796283431f0f0f3ae960c3') in 0.077058 seconds
  Import took 0.085600 seconds .

========================================================================
Received Import Request.
  Time since last request: 95.109540 seconds.
  path: Assets/As Below/Shaders/Snow/SnowTracks.shader
  artifactKey: Guid(3aed527d7f92ac040b9cfbd7496d6231) Importer(815301076,1909f56bfc062723c751e8b465ee728b)
Start importing Assets/As Below/Shaders/Snow/SnowTracks.shader using Guid(3aed527d7f92ac040b9cfbd7496d6231) Importer(815301076,1909f56bfc062723c751e8b465ee728b)  -> (artifact id: '8587366c7fa0073c4b7ad0708134928d') in 0.014881 seconds
  Import took 0.019989 seconds .

========================================================================
Received Import Request.
  Time since last request: 253.746181 seconds.
  path: Assets/As Below/Shaders/Snow/SnowTracks.shader
  artifactKey: Guid(3aed527d7f92ac040b9cfbd7496d6231) Importer(815301076,1909f56bfc062723c751e8b465ee728b)
Start importing Assets/As Below/Shaders/Snow/SnowTracks.shader using Guid(3aed527d7f92ac040b9cfbd7496d6231) Importer(815301076,1909f56bfc062723c751e8b465ee728b)  -> (artifact id: 'f2428d1e5813c06a5b91317bba3c5e57') in 0.039346 seconds
  Import took 0.045498 seconds .

========================================================================
Received Import Request.
  Time since last request: 0.002879 seconds.
  path: Assets/As Below/Shaders/Snow/SnowTracks.shader
  artifactKey: Guid(3aed527d7f92ac040b9cfbd7496d6231) Importer(815301076,1909f56bfc062723c751e8b465ee728b)
Start importing Assets/As Below/Shaders/Snow/SnowTracks.shader using Guid(3aed527d7f92ac040b9cfbd7496d6231) Importer(815301076,1909f56bfc062723c751e8b465ee728b)  -> (artifact id: 'f2428d1e5813c06a5b91317bba3c5e57') in 0.068217 seconds
  Import took 0.072272 seconds .

========================================================================
Received Import Request.
  Time since last request: 59.484280 seconds.
  path: Assets/As Below/Shaders/Snow/SnowTracks.shader
  artifactKey: Guid(3aed527d7f92ac040b9cfbd7496d6231) Importer(815301076,1909f56bfc062723c751e8b465ee728b)
Start importing Assets/As Below/Shaders/Snow/SnowTracks.shader using Guid(3aed527d7f92ac040b9cfbd7496d6231) Importer(815301076,1909f56bfc062723c751e8b465ee728b)  -> (artifact id: '13d173a904d0f132fd7c2df46e303e3c') in 0.047943 seconds
  Import took 0.053506 seconds .

========================================================================
Received Import Request.
  Time since last request: 0.003226 seconds.
  path: Assets/As Below/Shaders/Snow/SnowTracks.shader
  artifactKey: Guid(3aed527d7f92ac040b9cfbd7496d6231) Importer(815301076,1909f56bfc062723c751e8b465ee728b)
Start importing Assets/As Below/Shaders/Snow/SnowTracks.shader using Guid(3aed527d7f92ac040b9cfbd7496d6231) Importer(815301076,1909f56bfc062723c751e8b465ee728b)  -> (artifact id: '13d173a904d0f132fd7c2df46e303e3c') in 0.070177 seconds
  Import took 0.074979 seconds .

========================================================================
Received Import Request.
  Time since last request: 14.132434 seconds.
  path: Assets/As Below/Shaders/Snow/SnowTracks.shader
  artifactKey: Guid(3aed527d7f92ac040b9cfbd7496d6231) Importer(815301076,1909f56bfc062723c751e8b465ee728b)
Start importing Assets/As Below/Shaders/Snow/SnowTracks.shader using Guid(3aed527d7f92ac040b9cfbd7496d6231) Importer(815301076,1909f56bfc062723c751e8b465ee728b)  -> (artifact id: '2922cb4842a67b653cc67f02eb65ac83') in 0.025583 seconds
  Import took 0.029943 seconds .

========================================================================
Received Import Request.
  Time since last request: 3.325186 seconds.
  path: Assets/As Below/Shaders/Snow/SnowTracks.shader
  artifactKey: Guid(3aed527d7f92ac040b9cfbd7496d6231) Importer(815301076,1909f56bfc062723c751e8b465ee728b)
Start importing Assets/As Below/Shaders/Snow/SnowTracks.shader using Guid(3aed527d7f92ac040b9cfbd7496d6231) Importer(815301076,1909f56bfc062723c751e8b465ee728b)  -> (artifact id: '42171b1b9df6054471c57df335ee9763') in 0.050833 seconds
  Import took 0.054896 seconds .

========================================================================
Received Import Request.
  Time since last request: 54.670507 seconds.
  path: Assets/As Below/Shaders/Snow/SnowTracks.shader
  artifactKey: Guid(3aed527d7f92ac040b9cfbd7496d6231) Importer(815301076,1909f56bfc062723c751e8b465ee728b)
Start importing Assets/As Below/Shaders/Snow/SnowTracks.shader using Guid(3aed527d7f92ac040b9cfbd7496d6231) Importer(815301076,1909f56bfc062723c751e8b465ee728b)  -> (artifact id: '8fae462e7111c6450a2cb68826df3e20') in 0.027575 seconds
  Import took 0.032582 seconds .

========================================================================
Received Import Request.
  Time since last request: 18.745894 seconds.
  path: Assets/As Below/Shaders/Snow/SnowTracks.shader
  artifactKey: Guid(3aed527d7f92ac040b9cfbd7496d6231) Importer(815301076,1909f56bfc062723c751e8b465ee728b)
Start importing Assets/As Below/Shaders/Snow/SnowTracks.shader using Guid(3aed527d7f92ac040b9cfbd7496d6231) Importer(815301076,1909f56bfc062723c751e8b465ee728b)  -> (artifact id: '8edb1eeedf97c2a52deaddb4657ff3d9') in 0.015308 seconds
  Import took 0.019507 seconds .

========================================================================
Received Import Request.
  Time since last request: 10.524768 seconds.
  path: Assets/As Below/Shaders/Snow/SnowTracks.shader
  artifactKey: Guid(3aed527d7f92ac040b9cfbd7496d6231) Importer(815301076,1909f56bfc062723c751e8b465ee728b)
Start importing Assets/As Below/Shaders/Snow/SnowTracks.shader using Guid(3aed527d7f92ac040b9cfbd7496d6231) Importer(815301076,1909f56bfc062723c751e8b465ee728b)  -> (artifact id: 'c7ac245bfaacf8b79c46d0f300323fa6') in 0.033394 seconds
  Import took 0.037577 seconds .

========================================================================
Received Import Request.
  Time since last request: 0.003206 seconds.
  path: Assets/As Below/Shaders/Snow/SnowTracks.shader
  artifactKey: Guid(3aed527d7f92ac040b9cfbd7496d6231) Importer(815301076,1909f56bfc062723c751e8b465ee728b)
Start importing Assets/As Below/Shaders/Snow/SnowTracks.shader using Guid(3aed527d7f92ac040b9cfbd7496d6231) Importer(815301076,1909f56bfc062723c751e8b465ee728b)  -> (artifact id: 'c7ac245bfaacf8b79c46d0f300323fa6') in 0.018021 seconds
  Import took 0.021996 seconds .

========================================================================
Received Import Request.
  Time since last request: 208.512204 seconds.
  path: Assets/As Below/Shaders/Snow/SnowTracks.shader
  artifactKey: Guid(3aed527d7f92ac040b9cfbd7496d6231) Importer(815301076,1909f56bfc062723c751e8b465ee728b)
Start importing Assets/As Below/Shaders/Snow/SnowTracks.shader using Guid(3aed527d7f92ac040b9cfbd7496d6231) Importer(815301076,1909f56bfc062723c751e8b465ee728b)  -> (artifact id: '0831856ddfc60e9e147310f1ea8a8c0c') in 0.014832 seconds
  Import took 0.019010 seconds .

========================================================================
Received Import Request.
  Time since last request: 18.222841 seconds.
  path: Assets/As Below/Shaders/Snow/SnowTracks.shader
  artifactKey: Guid(3aed527d7f92ac040b9cfbd7496d6231) Importer(815301076,1909f56bfc062723c751e8b465ee728b)
Start importing Assets/As Below/Shaders/Snow/SnowTracks.shader using Guid(3aed527d7f92ac040b9cfbd7496d6231) Importer(815301076,1909f56bfc062723c751e8b465ee728b)  -> (artifact id: '4bb48a7316644ffa824ba2c9b7a6f5a1') in 0.025347 seconds
  Import took 0.030187 seconds .

========================================================================
Received Import Request.
  Time since last request: 179.156181 seconds.
  path: Assets/As Below/Shaders/Snow/SnowTracks.shader
  artifactKey: Guid(3aed527d7f92ac040b9cfbd7496d6231) Importer(815301076,1909f56bfc062723c751e8b465ee728b)
Start importing Assets/As Below/Shaders/Snow/SnowTracks.shader using Guid(3aed527d7f92ac040b9cfbd7496d6231) Importer(815301076,1909f56bfc062723c751e8b465ee728b)  -> (artifact id: 'd4a702818860be9c7f147838b22b5bfa') in 0.057335 seconds
  Import took 0.061523 seconds .

========================================================================
Received Import Request.
  Time since last request: 0.000966 seconds.
  path: Assets/As Below/Shaders/Snow/SnowTracks.shader
  artifactKey: Guid(3aed527d7f92ac040b9cfbd7496d6231) Importer(815301076,1909f56bfc062723c751e8b465ee728b)
Start importing Assets/As Below/Shaders/Snow/SnowTracks.shader using Guid(3aed527d7f92ac040b9cfbd7496d6231) Importer(815301076,1909f56bfc062723c751e8b465ee728b)  -> (artifact id: 'd4a702818860be9c7f147838b22b5bfa') in 0.014702 seconds
  Import took 0.019219 seconds .

========================================================================
Received Import Request.
  Time since last request: 5.551183 seconds.
  path: Assets/As Below/Shaders/Snow/SnowTracks.shader
  artifactKey: Guid(3aed527d7f92ac040b9cfbd7496d6231) Importer(815301076,1909f56bfc062723c751e8b465ee728b)
Start importing Assets/As Below/Shaders/Snow/SnowTracks.shader using Guid(3aed527d7f92ac040b9cfbd7496d6231) Importer(815301076,1909f56bfc062723c751e8b465ee728b)  -> (artifact id: 'bf383995954c73b1cf99f44e3101dadb') in 0.014979 seconds
  Import took 0.018964 seconds .

========================================================================
Received Import Request.
  Time since last request: 6.098504 seconds.
  path: Assets/As Below/Shaders/Snow/SnowTracks.shader
  artifactKey: Guid(3aed527d7f92ac040b9cfbd7496d6231) Importer(815301076,1909f56bfc062723c751e8b465ee728b)
Start importing Assets/As Below/Shaders/Snow/SnowTracks.shader using Guid(3aed527d7f92ac040b9cfbd7496d6231) Importer(815301076,1909f56bfc062723c751e8b465ee728b)  -> (artifact id: 'e7d1056ffe972b05420d20d6d4aed067') in 0.019971 seconds
  Import took 0.024056 seconds .

========================================================================
Received Import Request.
  Time since last request: 453.081336 seconds.
  path: Assets/As Below/Shaders/Snow/SnowTracks.shader
  artifactKey: Guid(3aed527d7f92ac040b9cfbd7496d6231) Importer(815301076,1909f56bfc062723c751e8b465ee728b)
Start importing Assets/As Below/Shaders/Snow/SnowTracks.shader using Guid(3aed527d7f92ac040b9cfbd7496d6231) Importer(815301076,1909f56bfc062723c751e8b465ee728b)  -> (artifact id: 'f5aee894c0d895087acfee6d915832b4') in 0.014935 seconds
  Import took 0.019270 seconds .

========================================================================
Received Import Request.
  Time since last request: 9.782552 seconds.
  path: Assets/As Below/Shaders/Snow/SnowTracks.shader
  artifactKey: Guid(3aed527d7f92ac040b9cfbd7496d6231) Importer(815301076,1909f56bfc062723c751e8b465ee728b)
Start importing Assets/As Below/Shaders/Snow/SnowTracks.shader using Guid(3aed527d7f92ac040b9cfbd7496d6231) Importer(815301076,1909f56bfc062723c751e8b465ee728b)  -> (artifact id: 'd0ef7e5a35b988a6975abaa6e1a2f635') in 0.015070 seconds
  Import took 0.018282 seconds .

========================================================================
Received Import Request.
  Time since last request: 4.337373 seconds.
  path: Assets/As Below/Shaders/Snow/SnowTracks.shader
  artifactKey: Guid(3aed527d7f92ac040b9cfbd7496d6231) Importer(815301076,1909f56bfc062723c751e8b465ee728b)
Start importing Assets/As Below/Shaders/Snow/SnowTracks.shader using Guid(3aed527d7f92ac040b9cfbd7496d6231) Importer(815301076,1909f56bfc062723c751e8b465ee728b)  -> (artifact id: 'c4778895142251d6ed95209bbb04757b') in 0.014892 seconds
  Import took 0.018352 seconds .

========================================================================
Received Import Request.
  Time since last request: 106.621045 seconds.
  path: Assets/As Below/Shaders/Snow/SnowTracks.shader
  artifactKey: Guid(3aed527d7f92ac040b9cfbd7496d6231) Importer(815301076,1909f56bfc062723c751e8b465ee728b)
Start importing Assets/As Below/Shaders/Snow/SnowTracks.shader using Guid(3aed527d7f92ac040b9cfbd7496d6231) Importer(815301076,1909f56bfc062723c751e8b465ee728b)  -> (artifact id: '59e69560de6278e0f302e29763cc4174') in 0.015057 seconds
  Import took 0.019100 seconds .

========================================================================
Received Import Request.
  Time since last request: 1403.775439 seconds.
  path: Assets/As Below/Shaders/Snow/SnowTracks.shader
  artifactKey: Guid(3aed527d7f92ac040b9cfbd7496d6231) Importer(815301076,1909f56bfc062723c751e8b465ee728b)
Start importing Assets/As Below/Shaders/Snow/SnowTracks.shader using Guid(3aed527d7f92ac040b9cfbd7496d6231) Importer(815301076,1909f56bfc062723c751e8b465ee728b)  -> (artifact id: '4ecdf534cee335098f3c61ddcd9398a7') in 0.030732 seconds
  Import took 0.035872 seconds .

========================================================================
Received Import Request.
  Time since last request: 9.071637 seconds.
  path: Assets/As Below/Shaders/Snow/SnowTracks.shader
  artifactKey: Guid(3aed527d7f92ac040b9cfbd7496d6231) Importer(815301076,1909f56bfc062723c751e8b465ee728b)
Start importing Assets/As Below/Shaders/Snow/SnowTracks.shader using Guid(3aed527d7f92ac040b9cfbd7496d6231) Importer(815301076,1909f56bfc062723c751e8b465ee728b)  -> (artifact id: 'e41bc05752ac27d48dfadcb716fd3634') in 0.015021 seconds
  Import took 0.021589 seconds .

========================================================================
Received Import Request.
  Time since last request: 14.710374 seconds.
  path: Assets/As Below/Shaders/Snow/SnowTracks.shader
  artifactKey: Guid(3aed527d7f92ac040b9cfbd7496d6231) Importer(815301076,1909f56bfc062723c751e8b465ee728b)
Start importing Assets/As Below/Shaders/Snow/SnowTracks.shader using Guid(3aed527d7f92ac040b9cfbd7496d6231) Importer(815301076,1909f56bfc062723c751e8b465ee728b)  -> (artifact id: '37dcc8996bd25fe7909c66dc66dab688') in 0.014536 seconds
  Import took 0.018411 seconds .

========================================================================
Received Import Request.
  Time since last request: 4.093012 seconds.
  path: Assets/As Below/Shaders/Snow/SnowTracks.shader
  artifactKey: Guid(3aed527d7f92ac040b9cfbd7496d6231) Importer(815301076,1909f56bfc062723c751e8b465ee728b)
Start importing Assets/As Below/Shaders/Snow/SnowTracks.shader using Guid(3aed527d7f92ac040b9cfbd7496d6231) Importer(815301076,1909f56bfc062723c751e8b465ee728b)  -> (artifact id: '7c86af7bc97de75a8af24ef62fe78c6e') in 0.015189 seconds
  Import took 0.018988 seconds .

========================================================================
Received Import Request.
  Time since last request: 12.209199 seconds.
  path: Assets/As Below/Shaders/Snow/SnowTracks.shader
  artifactKey: Guid(3aed527d7f92ac040b9cfbd7496d6231) Importer(815301076,1909f56bfc062723c751e8b465ee728b)
Start importing Assets/As Below/Shaders/Snow/SnowTracks.shader using Guid(3aed527d7f92ac040b9cfbd7496d6231) Importer(815301076,1909f56bfc062723c751e8b465ee728b)  -> (artifact id: 'c6c5aae66c87cdf603d696908601920b') in 0.015906 seconds
  Import took 0.021777 seconds .

========================================================================
Received Import Request.
  Time since last request: 18.447105 seconds.
  path: Assets/As Below/Shaders/Snow/SnowTracks.shader
  artifactKey: Guid(3aed527d7f92ac040b9cfbd7496d6231) Importer(815301076,1909f56bfc062723c751e8b465ee728b)
Start importing Assets/As Below/Shaders/Snow/SnowTracks.shader using Guid(3aed527d7f92ac040b9cfbd7496d6231) Importer(815301076,1909f56bfc062723c751e8b465ee728b)  -> (artifact id: '8c028b6a9ee189d4909428a0cc40bfcb') in 0.026262 seconds
  Import took 0.030418 seconds .

========================================================================
Received Import Request.
  Time since last request: 0.001130 seconds.
  path: Assets/As Below/Shaders/Snow/SnowTracks.shader
  artifactKey: Guid(3aed527d7f92ac040b9cfbd7496d6231) Importer(815301076,1909f56bfc062723c751e8b465ee728b)
Start importing Assets/As Below/Shaders/Snow/SnowTracks.shader using Guid(3aed527d7f92ac040b9cfbd7496d6231) Importer(815301076,1909f56bfc062723c751e8b465ee728b)  -> (artifact id: '8c028b6a9ee189d4909428a0cc40bfcb') in 0.014807 seconds
  Import took 0.018860 seconds .

========================================================================
Received Import Request.
  Time since last request: 2.104990 seconds.
  path: Assets/As Below/Shaders/Snow/SnowTracks.shader
  artifactKey: Guid(3aed527d7f92ac040b9cfbd7496d6231) Importer(815301076,1909f56bfc062723c751e8b465ee728b)
Start importing Assets/As Below/Shaders/Snow/SnowTracks.shader using Guid(3aed527d7f92ac040b9cfbd7496d6231) Importer(815301076,1909f56bfc062723c751e8b465ee728b)  -> (artifact id: 'f8648d0560200427ebc123d81dd3dba4') in 0.044295 seconds
  Import took 0.049617 seconds .

========================================================================
Received Import Request.
  Time since last request: 0.000338 seconds.
  path: Assets/As Below/Shaders/Snow/SnowTracks.shader
  artifactKey: Guid(3aed527d7f92ac040b9cfbd7496d6231) Importer(815301076,1909f56bfc062723c751e8b465ee728b)
Start importing Assets/As Below/Shaders/Snow/SnowTracks.shader using Guid(3aed527d7f92ac040b9cfbd7496d6231) Importer(815301076,1909f56bfc062723c751e8b465ee728b)  -> (artifact id: 'f8648d0560200427ebc123d81dd3dba4') in 0.036635 seconds
  Import took 0.042700 seconds .

========================================================================
Received Import Request.
  Time since last request: 9360.851725 seconds.
  path: Assets/As Below/Shaders/Snow/SnowTrack.mat
  artifactKey: Guid(12192d1b93f2c9246a0d1a1dba1da6b8) Importer(815301076,1909f56bfc062723c751e8b465ee728b)
Start importing Assets/As Below/Shaders/Snow/SnowTrack.mat using Guid(12192d1b93f2c9246a0d1a1dba1da6b8) Importer(815301076,1909f56bfc062723c751e8b465ee728b)  -> (artifact id: 'dd460b4f8a08c7bca32a20f56e205eee') in 0.268954 seconds
  Import took 0.281460 seconds .

========================================================================
Received Import Request.
  Time since last request: 71.389355 seconds.
  path: Assets/As Below/Shaders/Snow/SnowTrack.mat
  artifactKey: Guid(12192d1b93f2c9246a0d1a1dba1da6b8) Importer(815301076,1909f56bfc062723c751e8b465ee728b)
Start importing Assets/As Below/Shaders/Snow/SnowTrack.mat using Guid(12192d1b93f2c9246a0d1a1dba1da6b8) Importer(815301076,1909f56bfc062723c751e8b465ee728b)  -> (artifact id: '0f82fcd7e4e13069dc6aafab426ddaba') in 0.514254 seconds
  Import took 0.518522 seconds .

========================================================================
Received Import Request.
  Time since last request: 12.196834 seconds.
  path: Assets/As Below/Shaders/snow-ground.jpg
  artifactKey: Guid(2db28d50f7c39234890634c124244e84) Importer(815301076,1909f56bfc062723c751e8b465ee728b)
Start importing Assets/As Below/Shaders/snow-ground.jpg using Guid(2db28d50f7c39234890634c124244e84) Importer(815301076,1909f56bfc062723c751e8b465ee728b)  -> (artifact id: '1b1817b32397f70ba8459a662487b2ab') in 0.167500 seconds
  Import took 0.170928 seconds .

========================================================================
Received Import Request.
  Time since last request: 0.000244 seconds.
  path: Assets/As Below/Shaders/snow-main.jpg
  artifactKey: Guid(83db658b31fb81f42a0710a78f431612) Importer(815301076,1909f56bfc062723c751e8b465ee728b)
Start importing Assets/As Below/Shaders/snow-main.jpg using Guid(83db658b31fb81f42a0710a78f431612) Importer(815301076,1909f56bfc062723c751e8b465ee728b)  -> (artifact id: '0ebc328936c340bfd7103c398f1ba294') in 0.074763 seconds
  Import took 0.077580 seconds .

========================================================================
Received Import Request.
  Time since last request: 443.953878 seconds.
  path: Assets/As Below/Shaders/Snow/splat map.png
  artifactKey: Guid(6fc1dc7275cc033459406075fe2b3122) Importer(815301076,1909f56bfc062723c751e8b465ee728b)
Start importing Assets/As Below/Shaders/Snow/splat map.png using Guid(6fc1dc7275cc033459406075fe2b3122) Importer(815301076,1909f56bfc062723c751e8b465ee728b)  -> (artifact id: '3f54afff9f2bfcd78a35de1551c6965e') in 0.060711 seconds
  Import took 0.064974 seconds .

========================================================================
Received Import Request.
  Time since last request: 395.171327 seconds.
  path: Assets/As Below/Shaders/Snow/SnowTrack.mat
  artifactKey: Guid(12192d1b93f2c9246a0d1a1dba1da6b8) Importer(815301076,1909f56bfc062723c751e8b465ee728b)
Start importing Assets/As Below/Shaders/Snow/SnowTrack.mat using Guid(12192d1b93f2c9246a0d1a1dba1da6b8) Importer(815301076,1909f56bfc062723c751e8b465ee728b)  -> (artifact id: '48a92567c41c637a0f1b27d52d982f69') in 0.058676 seconds
  Import took 0.062994 seconds .

========================================================================
Received Import Request.
  Time since last request: 251.598898 seconds.
  path: Assets/As Below/Shaders/Snow/DrawTracks.shader
  artifactKey: Guid(997ae413a9d10d3499eed943f5eac032) Importer(815301076,1909f56bfc062723c751e8b465ee728b)
Start importing Assets/As Below/Shaders/Snow/DrawTracks.shader using Guid(997ae413a9d10d3499eed943f5eac032) Importer(815301076,1909f56bfc062723c751e8b465ee728b)  -> (artifact id: 'b1fc9dac08f12b1c3cc27089a43a4740') in 0.029277 seconds
  Import took 0.033200 seconds .

========================================================================
Received Import Request.
  Time since last request: 12.780723 seconds.
  path: Assets/As Below/Scripts/DrawWithMouse.cs
  artifactKey: Guid(b1446c4354f3faa45b8a5b6aab48e863) Importer(815301076,1909f56bfc062723c751e8b465ee728b)
Start importing Assets/As Below/Scripts/DrawWithMouse.cs using Guid(b1446c4354f3faa45b8a5b6aab48e863) Importer(815301076,1909f56bfc062723c751e8b465ee728b)  -> (artifact id: '91ff046510e75daa25bdd538ba7827f0') in 0.034939 seconds
  Import took 0.039080 seconds .

========================================================================
Received Prepare
Registering precompiled user dll's ...
Registered in 0.001462 seconds.
Begin MonoManager ReloadAssembly
Native extension for WindowsStandalone target not found
Native extension for WebGL target not found
Refreshing native plugins compatible for Editor in 0.39 ms, found 0 plugins.
Preloading 0 native plugins for Editor in 0.00 ms.
Invoked RoslynAnalysisRunner static constructor.
RoslynAnalysisRunner will not be running.
RoslynAnalysisRunner has terminated.
Mono: successfully reloaded assembly
- Completed reload, in  0.954 seconds
Platform modules already initialized, skipping
Shader 'Universal Render Pipeline/Particles/Lit': fallback shader 'Universal Render Pipeline/Particles/SimpleLit' not found
Shader 'Universal Render Pipeline/Particles/Lit': fallback shader 'Universal Render Pipeline/Particles/SimpleLit' not found
Refreshing native plugins compatible for Editor in 0.76 ms, found 0 plugins.
Preloading 0 native plugins for Editor in 0.00 ms.
Unloading 2335 Unused Serialized files (Serialized files now loaded: 0)
System memory in use before: 111.3 MB.
System memory in use after: 108.5 MB.

Unloading 52 unused Assets to reduce memory usage. Loaded Objects now: 2794.
Total: 8.491600 ms (FindLiveObjects: 0.648600 ms CreateObjectMapping: 0.264400 ms MarkObjects: 4.193200 ms  DeleteObjects: 3.383000 ms)

========================================================================
Received Import Request.
  Time since last request: 36.739100 seconds.
  path: Assets/As Below/Shaders/Snow/DrawTracks.shader
  artifactKey: Guid(997ae413a9d10d3499eed943f5eac032) Importer(815301076,1909f56bfc062723c751e8b465ee728b)
Start importing Assets/As Below/Shaders/Snow/DrawTracks.shader using Guid(997ae413a9d10d3499eed943f5eac032) Importer(815301076,1909f56bfc062723c751e8b465ee728b)  -> (artifact id: '4316eaf18045d26bffafa09c65f9e628') in 0.056209 seconds
  Import took 0.061118 seconds .

========================================================================
Received Import Request.
  Time since last request: 5.233918 seconds.
  path: Assets/As Below/Shaders/Snow/DrawTracks.shader
  artifactKey: Guid(997ae413a9d10d3499eed943f5eac032) Importer(815301076,1909f56bfc062723c751e8b465ee728b)
Start importing Assets/As Below/Shaders/Snow/DrawTracks.shader using Guid(997ae413a9d10d3499eed943f5eac032) Importer(815301076,1909f56bfc062723c751e8b465ee728b)  -> (artifact id: '4de45956e025f0cf835bf6bfe88450e3') in 0.036673 seconds
  Import took 0.043999 seconds .

========================================================================
Received Import Request.
  Time since last request: 0.020608 seconds.
  path: Assets/As Below/Shaders/Snow/DrawTracks.shader
  artifactKey: Guid(997ae413a9d10d3499eed943f5eac032) Importer(815301076,1909f56bfc062723c751e8b465ee728b)
Start importing Assets/As Below/Shaders/Snow/DrawTracks.shader using Guid(997ae413a9d10d3499eed943f5eac032) Importer(815301076,1909f56bfc062723c751e8b465ee728b)  -> (artifact id: '4de45956e025f0cf835bf6bfe88450e3') in 0.016094 seconds
  Import took 0.021468 seconds .

========================================================================
Received Import Request.
  Time since last request: 8.902366 seconds.
  path: Assets/As Below/Shaders/Snow/DrawTracks.shader
  artifactKey: Guid(997ae413a9d10d3499eed943f5eac032) Importer(815301076,1909f56bfc062723c751e8b465ee728b)
Start importing Assets/As Below/Shaders/Snow/DrawTracks.shader using Guid(997ae413a9d10d3499eed943f5eac032) Importer(815301076,1909f56bfc062723c751e8b465ee728b)  -> (artifact id: '8ed1ce85aa0c4fff440db470c7dcd379') in 0.025412 seconds
  Import took 0.028735 seconds .

========================================================================
Received Import Request.
  Time since last request: 38.898847 seconds.
  path: Assets/As Below/Shaders/Snow/DrawTracks.shader
  artifactKey: Guid(997ae413a9d10d3499eed943f5eac032) Importer(815301076,1909f56bfc062723c751e8b465ee728b)
Start importing Assets/As Below/Shaders/Snow/DrawTracks.shader using Guid(997ae413a9d10d3499eed943f5eac032) Importer(815301076,1909f56bfc062723c751e8b465ee728b)  -> (artifact id: 'afbc203d5af7dde953e14f3ff36a8338') in 0.016016 seconds
  Import took 0.019570 seconds .

========================================================================
Received Import Request.
  Time since last request: 124.778609 seconds.
  path: Assets/As Below/Shaders/Snow/DrawTracks.shader
  artifactKey: Guid(997ae413a9d10d3499eed943f5eac032) Importer(815301076,1909f56bfc062723c751e8b465ee728b)
Start importing Assets/As Below/Shaders/Snow/DrawTracks.shader using Guid(997ae413a9d10d3499eed943f5eac032) Importer(815301076,1909f56bfc062723c751e8b465ee728b)  -> (artifact id: 'e7486954af306936fff5059070709ee8') in 0.041298 seconds
  Import took 0.046412 seconds .

========================================================================
Received Import Request.
  Time since last request: 0.046987 seconds.
  path: Assets/As Below/Shaders/Snow/DrawTracks.shader
  artifactKey: Guid(997ae413a9d10d3499eed943f5eac032) Importer(815301076,1909f56bfc062723c751e8b465ee728b)
Start importing Assets/As Below/Shaders/Snow/DrawTracks.shader using Guid(997ae413a9d10d3499eed943f5eac032) Importer(815301076,1909f56bfc062723c751e8b465ee728b)  -> (artifact id: 'e7486954af306936fff5059070709ee8') in 0.051546 seconds
  Import took 0.055468 seconds .

========================================================================
Received Import Request.
  Time since last request: 14.957135 seconds.
  path: Assets/As Below/Shaders/Snow/DrawTracks.shader
  artifactKey: Guid(997ae413a9d10d3499eed943f5eac032) Importer(815301076,1909f56bfc062723c751e8b465ee728b)
Start importing Assets/As Below/Shaders/Snow/DrawTracks.shader using Guid(997ae413a9d10d3499eed943f5eac032) Importer(815301076,1909f56bfc062723c751e8b465ee728b)  -> (artifact id: '7acff5ea6bef3346d145059400f5ca5c') in 0.025551 seconds
  Import took 0.031082 seconds .

========================================================================
Received Prepare
Registering precompiled user dll's ...
Registered in 0.001484 seconds.
Begin MonoManager ReloadAssembly
Native extension for WindowsStandalone target not found
Native extension for WebGL target not found
Refreshing native plugins compatible for Editor in 0.97 ms, found 0 plugins.
Preloading 0 native plugins for Editor in 0.00 ms.
Invoked RoslynAnalysisRunner static constructor.
RoslynAnalysisRunner will not be running.
RoslynAnalysisRunner has terminated.
Mono: successfully reloaded assembly
- Completed reload, in  0.945 seconds
Platform modules already initialized, skipping
Shader 'Universal Render Pipeline/Particles/Lit': fallback shader 'Universal Render Pipeline/Particles/SimpleLit' not found
Shader 'Universal Render Pipeline/Particles/Lit': fallback shader 'Universal Render Pipeline/Particles/SimpleLit' not found
Refreshing native plugins compatible for Editor in 0.74 ms, found 0 plugins.
Preloading 0 native plugins for Editor in 0.00 ms.
Unloading 2335 Unused Serialized files (Serialized files now loaded: 0)
System memory in use before: 112.4 MB.
System memory in use after: 109.5 MB.

Unloading 52 unused Assets to reduce memory usage. Loaded Objects now: 2796.
Total: 5.471000 ms (FindLiveObjects: 0.515900 ms CreateObjectMapping: 0.289400 ms MarkObjects: 2.610900 ms  DeleteObjects: 2.053200 ms)

========================================================================
Received Prepare
Registering precompiled user dll's ...
Registered in 0.001464 seconds.
Begin MonoManager ReloadAssembly
Native extension for WindowsStandalone target not found
Native extension for WebGL target not found
Refreshing native plugins compatible for Editor in 0.36 ms, found 0 plugins.
Preloading 0 native plugins for Editor in 0.00 ms.
Invoked RoslynAnalysisRunner static constructor.
RoslynAnalysisRunner will not be running.
RoslynAnalysisRunner has terminated.
Mono: successfully reloaded assembly
- Completed reload, in  0.860 seconds
Platform modules already initialized, skipping
Shader 'Universal Render Pipeline/Particles/Lit': fallback shader 'Universal Render Pipeline/Particles/SimpleLit' not found
Shader 'Universal Render Pipeline/Particles/Lit': fallback shader 'Universal Render Pipeline/Particles/SimpleLit' not found
Refreshing native plugins compatible for Editor in 0.35 ms, found 0 plugins.
Preloading 0 native plugins for Editor in 0.00 ms.
Unloading 2335 Unused Serialized files (Serialized files now loaded: 0)
System memory in use before: 112.4 MB.
System memory in use after: 109.6 MB.

Unloading 52 unused Assets to reduce memory usage. Loaded Objects now: 2798.
Total: 5.073900 ms (FindLiveObjects: 0.281500 ms CreateObjectMapping: 0.134400 ms MarkObjects: 1.639600 ms  DeleteObjects: 3.017000 ms)

========================================================================
Received Prepare
Registering precompiled user dll's ...
Registered in 0.001576 seconds.
Begin MonoManager ReloadAssembly
Native extension for WindowsStandalone target not found
Native extension for WebGL target not found
Refreshing native plugins compatible for Editor in 0.35 ms, found 0 plugins.
Preloading 0 native plugins for Editor in 0.00 ms.
Invoked RoslynAnalysisRunner static constructor.
RoslynAnalysisRunner will not be running.
RoslynAnalysisRunner has terminated.
Mono: successfully reloaded assembly
- Completed reload, in  0.847 seconds
Platform modules already initialized, skipping
Shader 'Universal Render Pipeline/Particles/Lit': fallback shader 'Universal Render Pipeline/Particles/SimpleLit' not found
Shader 'Universal Render Pipeline/Particles/Lit': fallback shader 'Universal Render Pipeline/Particles/SimpleLit' not found
Refreshing native plugins compatible for Editor in 0.36 ms, found 0 plugins.
Preloading 0 native plugins for Editor in 0.00 ms.
Unloading 2335 Unused Serialized files (Serialized files now loaded: 0)
System memory in use before: 112.4 MB.
System memory in use after: 109.6 MB.

Unloading 52 unused Assets to reduce memory usage. Loaded Objects now: 2800.
Total: 4.131100 ms (FindLiveObjects: 0.435000 ms CreateObjectMapping: 0.252100 ms MarkObjects: 1.849100 ms  DeleteObjects: 1.593000 ms)

========================================================================
Received Prepare
Registering precompiled user dll's ...
Registered in 0.002000 seconds.
Begin MonoManager ReloadAssembly
Native extension for WindowsStandalone target not found
Native extension for WebGL target not found
Refreshing native plugins compatible for Editor in 0.34 ms, found 0 plugins.
Preloading 0 native plugins for Editor in 0.00 ms.
Invoked RoslynAnalysisRunner static constructor.
RoslynAnalysisRunner will not be running.
RoslynAnalysisRunner has terminated.
Mono: successfully reloaded assembly
- Completed reload, in  0.813 seconds
Platform modules already initialized, skipping
Shader 'Universal Render Pipeline/Particles/Lit': fallback shader 'Universal Render Pipeline/Particles/SimpleLit' not found
Shader 'Universal Render Pipeline/Particles/Lit': fallback shader 'Universal Render Pipeline/Particles/SimpleLit' not found
Refreshing native plugins compatible for Editor in 0.36 ms, found 0 plugins.
Preloading 0 native plugins for Editor in 0.00 ms.
Unloading 2335 Unused Serialized files (Serialized files now loaded: 0)
System memory in use before: 112.3 MB.
System memory in use after: 109.5 MB.

Unloading 52 unused Assets to reduce memory usage. Loaded Objects now: 2802.
Total: 4.156000 ms (FindLiveObjects: 0.244100 ms CreateObjectMapping: 0.123600 ms MarkObjects: 1.815100 ms  DeleteObjects: 1.971200 ms)

========================================================================
Received Prepare
Registering precompiled user dll's ...
Registered in 0.002102 seconds.
Begin MonoManager ReloadAssembly
Native extension for WindowsStandalone target not found
Native extension for WebGL target not found
Refreshing native plugins compatible for Editor in 0.35 ms, found 0 plugins.
Preloading 0 native plugins for Editor in 0.00 ms.
Invoked RoslynAnalysisRunner static constructor.
RoslynAnalysisRunner will not be running.
RoslynAnalysisRunner has terminated.
Mono: successfully reloaded assembly
- Completed reload, in  0.846 seconds
Platform modules already initialized, skipping
Shader 'Universal Render Pipeline/Particles/Lit': fallback shader 'Universal Render Pipeline/Particles/SimpleLit' not found
Shader 'Universal Render Pipeline/Particles/Lit': fallback shader 'Universal Render Pipeline/Particles/SimpleLit' not found
Refreshing native plugins compatible for Editor in 0.36 ms, found 0 plugins.
Preloading 0 native plugins for Editor in 0.00 ms.
Unloading 2335 Unused Serialized files (Serialized files now loaded: 0)
System memory in use before: 112.4 MB.
System memory in use after: 109.6 MB.

Unloading 52 unused Assets to reduce memory usage. Loaded Objects now: 2804.
Total: 3.378700 ms (FindLiveObjects: 0.234900 ms CreateObjectMapping: 0.102700 ms MarkObjects: 1.488500 ms  DeleteObjects: 1.551800 ms)

========================================================================
Received Prepare
Registering precompiled user dll's ...
Registered in 0.001566 seconds.
Begin MonoManager ReloadAssembly
Native extension for WindowsStandalone target not found
Native extension for WebGL target not found
Refreshing native plugins compatible for Editor in 0.55 ms, found 0 plugins.
Preloading 0 native plugins for Editor in 0.00 ms.
Invoked RoslynAnalysisRunner static constructor.
RoslynAnalysisRunner will not be running.
RoslynAnalysisRunner has terminated.
Mono: successfully reloaded assembly
- Completed reload, in  0.866 seconds
Platform modules already initialized, skipping
Shader 'Universal Render Pipeline/Particles/Lit': fallback shader 'Universal Render Pipeline/Particles/SimpleLit' not found
Shader 'Universal Render Pipeline/Particles/Lit': fallback shader 'Universal Render Pipeline/Particles/SimpleLit' not found
Refreshing native plugins compatible for Editor in 0.38 ms, found 0 plugins.
Preloading 0 native plugins for Editor in 0.00 ms.
Unloading 2335 Unused Serialized files (Serialized files now loaded: 0)
System memory in use before: 112.4 MB.
System memory in use after: 109.6 MB.

Unloading 52 unused Assets to reduce memory usage. Loaded Objects now: 2806.
Total: 5.439600 ms (FindLiveObjects: 0.476700 ms CreateObjectMapping: 0.116700 ms MarkObjects: 2.865800 ms  DeleteObjects: 1.978200 ms)

========================================================================
Received Prepare
Registering precompiled user dll's ...
Registered in 0.001360 seconds.
Begin MonoManager ReloadAssembly
Native extension for WindowsStandalone target not found
Native extension for WebGL target not found
Refreshing native plugins compatible for Editor in 0.35 ms, found 0 plugins.
Preloading 0 native plugins for Editor in 0.00 ms.
Invoked RoslynAnalysisRunner static constructor.
RoslynAnalysisRunner will not be running.
RoslynAnalysisRunner has terminated.
Mono: successfully reloaded assembly
- Completed reload, in  0.868 seconds
Platform modules already initialized, skipping
Shader 'Universal Render Pipeline/Particles/Lit': fallback shader 'Universal Render Pipeline/Particles/SimpleLit' not found
Shader 'Universal Render Pipeline/Particles/Lit': fallback shader 'Universal Render Pipeline/Particles/SimpleLit' not found
Refreshing native plugins compatible for Editor in 0.34 ms, found 0 plugins.
Preloading 0 native plugins for Editor in 0.00 ms.
Unloading 2335 Unused Serialized files (Serialized files now loaded: 0)
System memory in use before: 112.4 MB.
System memory in use after: 109.6 MB.

Unloading 52 unused Assets to reduce memory usage. Loaded Objects now: 2808.
Total: 3.508600 ms (FindLiveObjects: 0.245000 ms CreateObjectMapping: 0.110900 ms MarkObjects: 1.611300 ms  DeleteObjects: 1.540100 ms)

========================================================================
Received Prepare
Registering precompiled user dll's ...
Registered in 0.002023 seconds.
Begin MonoManager ReloadAssembly
Native extension for WindowsStandalone target not found
Native extension for WebGL target not found
Refreshing native plugins compatible for Editor in 0.36 ms, found 0 plugins.
Preloading 0 native plugins for Editor in 0.00 ms.
Invoked RoslynAnalysisRunner static constructor.
RoslynAnalysisRunner will not be running.
RoslynAnalysisRunner has terminated.
Mono: successfully reloaded assembly
- Completed reload, in  0.818 seconds
Platform modules already initialized, skipping
Shader 'Universal Render Pipeline/Particles/Lit': fallback shader 'Universal Render Pipeline/Particles/SimpleLit' not found
Shader 'Universal Render Pipeline/Particles/Lit': fallback shader 'Universal Render Pipeline/Particles/SimpleLit' not found
Refreshing native plugins compatible for Editor in 0.34 ms, found 0 plugins.
Preloading 0 native plugins for Editor in 0.00 ms.
Unloading 2335 Unused Serialized files (Serialized files now loaded: 0)
System memory in use before: 112.4 MB.
System memory in use after: 109.6 MB.

Unloading 52 unused Assets to reduce memory usage. Loaded Objects now: 2810.
Total: 3.896800 ms (FindLiveObjects: 0.364800 ms CreateObjectMapping: 0.152000 ms MarkObjects: 1.692400 ms  DeleteObjects: 1.686500 ms)

========================================================================
Received Prepare
Registering precompiled user dll's ...
Registered in 0.002295 seconds.
Begin MonoManager ReloadAssembly
Native extension for WindowsStandalone target not found
Native extension for WebGL target not found
Refreshing native plugins compatible for Editor in 0.37 ms, found 0 plugins.
Preloading 0 native plugins for Editor in 0.00 ms.
Invoked RoslynAnalysisRunner static constructor.
RoslynAnalysisRunner will not be running.
RoslynAnalysisRunner has terminated.
Mono: successfully reloaded assembly
- Completed reload, in  0.973 seconds
Platform modules already initialized, skipping
Shader 'Universal Render Pipeline/Particles/Lit': fallback shader 'Universal Render Pipeline/Particles/SimpleLit' not found
Shader 'Universal Render Pipeline/Particles/Lit': fallback shader 'Universal Render Pipeline/Particles/SimpleLit' not found
Refreshing native plugins compatible for Editor in 0.35 ms, found 0 plugins.
Preloading 0 native plugins for Editor in 0.00 ms.
Unloading 2335 Unused Serialized files (Serialized files now loaded: 0)
System memory in use before: 112.3 MB.
System memory in use after: 109.5 MB.

Unloading 52 unused Assets to reduce memory usage. Loaded Objects now: 2812.
Total: 4.148600 ms (FindLiveObjects: 0.328600 ms CreateObjectMapping: 0.338400 ms MarkObjects: 1.915800 ms  DeleteObjects: 1.564400 ms)

========================================================================
Received Prepare
Registering precompiled user dll's ...
Registered in 0.001473 seconds.
Begin MonoManager ReloadAssembly
Native extension for WindowsStandalone target not found
Native extension for WebGL target not found
Refreshing native plugins compatible for Editor in 0.34 ms, found 0 plugins.
Preloading 0 native plugins for Editor in 0.00 ms.
Invoked RoslynAnalysisRunner static constructor.
RoslynAnalysisRunner will not be running.
RoslynAnalysisRunner has terminated.
Mono: successfully reloaded assembly
- Completed reload, in  0.824 seconds
Platform modules already initialized, skipping
Shader 'Universal Render Pipeline/Particles/Lit': fallback shader 'Universal Render Pipeline/Particles/SimpleLit' not found
Shader 'Universal Render Pipeline/Particles/Lit': fallback shader 'Universal Render Pipeline/Particles/SimpleLit' not found
Refreshing native plugins compatible for Editor in 0.66 ms, found 0 plugins.
Preloading 0 native plugins for Editor in 0.00 ms.
Unloading 2335 Unused Serialized files (Serialized files now loaded: 0)
System memory in use before: 112.4 MB.
System memory in use after: 109.6 MB.

Unloading 52 unused Assets to reduce memory usage. Loaded Objects now: 2814.
Total: 4.306500 ms (FindLiveObjects: 0.316700 ms CreateObjectMapping: 0.113500 ms MarkObjects: 2.049600 ms  DeleteObjects: 1.825300 ms)

========================================================================
Received Prepare
Registering precompiled user dll's ...
Registered in 0.001415 seconds.
Begin MonoManager ReloadAssembly
Native extension for WindowsStandalone target not found
Native extension for WebGL target not found
Refreshing native plugins compatible for Editor in 0.36 ms, found 0 plugins.
Preloading 0 native plugins for Editor in 0.00 ms.
Invoked RoslynAnalysisRunner static constructor.
RoslynAnalysisRunner will not be running.
RoslynAnalysisRunner has terminated.
Mono: successfully reloaded assembly
- Completed reload, in  0.885 seconds
Platform modules already initialized, skipping
Shader 'Universal Render Pipeline/Particles/Lit': fallback shader 'Universal Render Pipeline/Particles/SimpleLit' not found
Shader 'Universal Render Pipeline/Particles/Lit': fallback shader 'Universal Render Pipeline/Particles/SimpleLit' not found
Refreshing native plugins compatible for Editor in 0.70 ms, found 0 plugins.
Preloading 0 native plugins for Editor in 0.00 ms.
Unloading 2335 Unused Serialized files (Serialized files now loaded: 0)
System memory in use before: 112.4 MB.
System memory in use after: 109.6 MB.

Unloading 52 unused Assets to reduce memory usage. Loaded Objects now: 2816.
Total: 5.183900 ms (FindLiveObjects: 0.452500 ms CreateObjectMapping: 0.214600 ms MarkObjects: 2.661400 ms  DeleteObjects: 1.853300 ms)

========================================================================
Received Prepare
Registering precompiled user dll's ...
Registered in 0.001603 seconds.
Begin MonoManager ReloadAssembly
Native extension for WindowsStandalone target not found
Native extension for WebGL target not found
Refreshing native plugins compatible for Editor in 0.67 ms, found 0 plugins.
Preloading 0 native plugins for Editor in 0.00 ms.
Invoked RoslynAnalysisRunner static constructor.
RoslynAnalysisRunner will not be running.
RoslynAnalysisRunner has terminated.
Mono: successfully reloaded assembly
- Completed reload, in  1.020 seconds
Platform modules already initialized, skipping
Shader 'Universal Render Pipeline/Particles/Lit': fallback shader 'Universal Render Pipeline/Particles/SimpleLit' not found
Shader 'Universal Render Pipeline/Particles/Lit': fallback shader 'Universal Render Pipeline/Particles/SimpleLit' not found
Refreshing native plugins compatible for Editor in 0.38 ms, found 0 plugins.
Preloading 0 native plugins for Editor in 0.00 ms.
Unloading 2335 Unused Serialized files (Serialized files now loaded: 0)
System memory in use before: 112.4 MB.
System memory in use after: 109.6 MB.

Unloading 52 unused Assets to reduce memory usage. Loaded Objects now: 2818.
Total: 4.096800 ms (FindLiveObjects: 0.519200 ms CreateObjectMapping: 0.212400 ms MarkObjects: 1.764800 ms  DeleteObjects: 1.599000 ms)

