Using pre-set license
Built from '2020.2/release' branch; Version is '2020.2.2f1 (068178b99f32) revision 426360'; Using compiler version '192528614'; Build Type 'Release'
OS: 'Windows 10 Pro; OS build 22000.258; Version 2009; 64bit' Language: 'en' Physical Memory: 32703 MB
BatchMode: 1, IsHumanControllingUs: 0, StartBugReporterOnCrash: 0, Is64bit: 1, IsPro: 0

 COMMAND LINE ARGUMENTS:
C:\Program Files\Unity\Hub\Editor\2020.2.2f1\Editor\Unity.exe
-adb2
-batchMode
-noUpm
-name
AssetImportWorker0
-projectPath
F:/Unity Projects/As-Below-Game-Jam-3
-logFile
Logs/AssetImportWorker0.log
-srvPort
61721
Successfully changed project path to: F:/Unity Projects/As-Below-Game-Jam-3
F:/Unity Projects/As-Below-Game-Jam-3
Using Asset Import Pipeline V2.
Refreshing native plugins compatible for Editor in 41.39 ms, found 0 plugins.
Preloading 0 native plugins for Editor in 0.00 ms.
Initialize engine version: 2020.2.2f1 (068178b99f32)
[Subsystems] Discovering subsystems at path C:/Program Files/Unity/Hub/Editor/2020.2.2f1/Editor/Data/Resources/UnitySubsystems
[Subsystems] Discovering subsystems at path F:/Unity Projects/As-Below-Game-Jam-3/Assets
GfxDevice: creating device client; threaded=0
Direct3D:
    Version:  Direct3D 11.0 [level 11.1]
    Renderer: NVIDIA GeForce RTX 3080 (ID=0x2206)
    Vendor:   
    VRAM:     10078 MB
    Driver:   30.0.14.9613
Initialize mono
Mono path[0] = 'C:/Program Files/Unity/Hub/Editor/2020.2.2f1/Editor/Data/Managed'
Mono path[1] = 'C:/Program Files/Unity/Hub/Editor/2020.2.2f1/Editor/Data/MonoBleedingEdge/lib/mono/unityjit'
Mono config path = 'C:/Program Files/Unity/Hub/Editor/2020.2.2f1/Editor/Data/MonoBleedingEdge/etc'
Using monoOptions --debugger-agent=transport=dt_socket,embedding=1,server=y,suspend=n,address=127.0.0.1:56760
Begin MonoManager ReloadAssembly
Registering precompiled unity dll's ...
Register platform support module: C:/Program Files/Unity/Hub/Editor/2020.2.2f1/Editor/Data/PlaybackEngines/WebGLSupport/UnityEditor.WebGL.Extensions.dll
Register platform support module: C:/Program Files/Unity/Hub/Editor/2020.2.2f1/Editor/Data/PlaybackEngines/WindowsStandaloneSupport/UnityEditor.WindowsStandalone.Extensions.dll
Registered in 0.002635 seconds.
Native extension for WindowsStandalone target not found
Native extension for WebGL target not found
Refreshing native plugins compatible for Editor in 38.99 ms, found 0 plugins.
Preloading 0 native plugins for Editor in 0.00 ms.
Invoked RoslynAnalysisRunner static constructor.
RoslynAnalysisRunner will not be running.
RoslynAnalysisRunner has terminated.
Mono: successfully reloaded assembly
- Completed reload, in  2.571 seconds
Platform modules already initialized, skipping
Registering precompiled user dll's ...
Registered in 0.001704 seconds.
Begin MonoManager ReloadAssembly
Native extension for WindowsStandalone target not found
Native extension for WebGL target not found
Refreshing native plugins compatible for Editor in 39.02 ms, found 0 plugins.
Preloading 0 native plugins for Editor in 0.00 ms.
Invoked RoslynAnalysisRunner static constructor.
RoslynAnalysisRunner will not be running.
RoslynAnalysisRunner has terminated.
Mono: successfully reloaded assembly
- Completed reload, in  0.987 seconds
Platform modules already initialized, skipping
========================================================================
Worker process is ready to serve import requests
Shader 'Universal Render Pipeline/Particles/Lit': fallback shader 'Universal Render Pipeline/Particles/SimpleLit' not found
Shader 'Universal Render Pipeline/Particles/Lit': fallback shader 'Universal Render Pipeline/Particles/SimpleLit' not found
Launched and connected shader compiler UnityShaderCompiler.exe after 0.06 seconds
Refreshing native plugins compatible for Editor in 0.40 ms, found 0 plugins.
Preloading 0 native plugins for Editor in 0.00 ms.
Unloading 2348 Unused Serialized files (Serialized files now loaded: 0)
System memory in use before: 106.9 MB.
System memory in use after: 104.1 MB.

Unloading 56 unused Assets to reduce memory usage. Loaded Objects now: 2745.
Total: 3.583600 ms (FindLiveObjects: 0.290900 ms CreateObjectMapping: 0.162500 ms MarkObjects: 1.749000 ms  DeleteObjects: 1.379700 ms)

========================================================================
Received Import Request.
  path: Assets/Materials/Skybox_Mat.mat
  artifactKey: Guid(0ffaa0b7117ba8c47a9d05ae701d4b4d) Importer(815301076,1909f56bfc062723c751e8b465ee728b)
Start importing Assets/Materials/Skybox_Mat.mat using Guid(0ffaa0b7117ba8c47a9d05ae701d4b4d) Importer(815301076,1909f56bfc062723c751e8b465ee728b)  -> (artifact id: '9705020ae47d943b3b10f848fd091397') in 0.215899 seconds
  Import took 0.277985 seconds .

========================================================================
Received Import Request.
  Time since last request: 16.021501 seconds.
  path: Assets/As Below/Scenes/Main Menu.unity
  artifactKey: Guid(48fcb1bc8da2b7f42a5f2ed98f9a1b90) Importer(815301076,1909f56bfc062723c751e8b465ee728b)
Start importing Assets/As Below/Scenes/Main Menu.unity using Guid(48fcb1bc8da2b7f42a5f2ed98f9a1b90) Importer(815301076,1909f56bfc062723c751e8b465ee728b)  -> (artifact id: '75703afec0edb11d430d364e7dc74364') in 0.036379 seconds
  Import took 0.079717 seconds .

========================================================================
Received Import Request.
  Time since last request: 99.320092 seconds.
  path: Assets/As Below/Scenes/MainMenu.unity
  artifactKey: Guid(48fcb1bc8da2b7f42a5f2ed98f9a1b90) Importer(815301076,1909f56bfc062723c751e8b465ee728b)
Start importing Assets/As Below/Scenes/MainMenu.unity using Guid(48fcb1bc8da2b7f42a5f2ed98f9a1b90) Importer(815301076,1909f56bfc062723c751e8b465ee728b)  -> (artifact id: '74d94094aa7d475b706a3674ccbb81f9') in 0.063716 seconds
  Import took 0.067023 seconds .

========================================================================
Received Import Request.
  Time since last request: 157.291868 seconds.
  path: Assets/Presets/AudioCompressedInMemory.preset
  artifactKey: Guid(2dd802e4d37c65149922028d3e973832) Importer(815301076,1909f56bfc062723c751e8b465ee728b)
Start importing Assets/Presets/AudioCompressedInMemory.preset using Guid(2dd802e4d37c65149922028d3e973832) Importer(815301076,1909f56bfc062723c751e8b465ee728b)  -> (artifact id: '71d4d9775de1687aa16dc950b8247fc1') in 0.038268 seconds
  Import took 0.064706 seconds .

========================================================================
Received Import Request.
  Time since last request: 0.000254 seconds.
  path: Assets/Presets/AudioStreaming.preset
  artifactKey: Guid(86bcce7f5575b54408aa0f3a7d321039) Importer(815301076,1909f56bfc062723c751e8b465ee728b)
Start importing Assets/Presets/AudioStreaming.preset using Guid(86bcce7f5575b54408aa0f3a7d321039) Importer(815301076,1909f56bfc062723c751e8b465ee728b)  -> (artifact id: '70d29829cb23f0677516706201e87d85') in 0.036200 seconds
  Import took 0.040144 seconds .

========================================================================
Received Import Request.
  Time since last request: 0.000245 seconds.
  path: Assets/Presets/NormalTexture.preset
  artifactKey: Guid(14a57cf3b9fa1c74b884aa7e0dcf1faa) Importer(815301076,1909f56bfc062723c751e8b465ee728b)
Start importing Assets/Presets/NormalTexture.preset using Guid(14a57cf3b9fa1c74b884aa7e0dcf1faa) Importer(815301076,1909f56bfc062723c751e8b465ee728b)  -> (artifact id: 'aee4d2a2d73ce00c593f812ee5e53ca7') in 0.038115 seconds
  Import took 0.042372 seconds .

========================================================================
Received Import Request.
  Time since last request: 0.000357 seconds.
  path: Assets/Presets/UtilityTexture.preset
  artifactKey: Guid(45f7b2e3c78185248b3adbb14429c2ab) Importer(815301076,1909f56bfc062723c751e8b465ee728b)
Start importing Assets/Presets/UtilityTexture.preset using Guid(45f7b2e3c78185248b3adbb14429c2ab) Importer(815301076,1909f56bfc062723c751e8b465ee728b)  -> (artifact id: '33553d95668f35c04d3e34f0223ba05c') in 0.037419 seconds
  Import took 0.052473 seconds .

========================================================================
Received Import Request.
  Time since last request: 100.555234 seconds.
  path: Assets/As Below/Shaders/Tesselation
  artifactKey: Guid(c61b3ffa45b18074c896ee948bcd6f06) Importer(815301076,1909f56bfc062723c751e8b465ee728b)
Start importing Assets/As Below/Shaders/Tesselation using Guid(c61b3ffa45b18074c896ee948bcd6f06) Importer(815301076,1909f56bfc062723c751e8b465ee728b)  -> (artifact id: '5982c532d61b29a34b696446e73c8d1f') in 0.092990 seconds
  Import took 0.097395 seconds .

========================================================================
Received Import Request.
  Time since last request: 1457.817350 seconds.
  path: Assets/As Below/Shaders/Snow
  artifactKey: Guid(c61b3ffa45b18074c896ee948bcd6f06) Importer(815301076,1909f56bfc062723c751e8b465ee728b)
Start importing Assets/As Below/Shaders/Snow using Guid(c61b3ffa45b18074c896ee948bcd6f06) Importer(815301076,1909f56bfc062723c751e8b465ee728b)  -> (artifact id: 'dbc1df4e08020e81d52ada7b4d269739') in 0.132423 seconds
  Import took 0.138182 seconds .

========================================================================
Received Import Request.
  Time since last request: 189.970976 seconds.
  path: Assets/As Below/Shaders/TessellationExample
  artifactKey: Guid(37c18ae10de898a4f9cf5f35c67a40dc) Importer(815301076,1909f56bfc062723c751e8b465ee728b)
Start importing Assets/As Below/Shaders/TessellationExample using Guid(37c18ae10de898a4f9cf5f35c67a40dc) Importer(815301076,1909f56bfc062723c751e8b465ee728b)  -> (artifact id: 'f3210b258d7caf5a4e969d45129b2080') in 0.086716 seconds
  Import took 0.091801 seconds .

========================================================================
Received Import Request.
  Time since last request: 128.693946 seconds.
  path: Assets/As Below/Shaders/TessellationExample/TessellationExample.shader
  artifactKey: Guid(17591f6e8249bac4badbb435655d00a2) Importer(815301076,1909f56bfc062723c751e8b465ee728b)
Start importing Assets/As Below/Shaders/TessellationExample/TessellationExample.shader using Guid(17591f6e8249bac4badbb435655d00a2) Importer(815301076,1909f56bfc062723c751e8b465ee728b)  -> (artifact id: '64024d53202f6f7531d5ae35e9b96abe') in 0.049452 seconds
  Import took 0.109995 seconds .

========================================================================
Received Import Request.
  Time since last request: 124.561639 seconds.
  path: Assets/As Below/Shaders/TessellationExample/TessellationExample.shader
  artifactKey: Guid(17591f6e8249bac4badbb435655d00a2) Importer(815301076,1909f56bfc062723c751e8b465ee728b)
Start importing Assets/As Below/Shaders/TessellationExample/TessellationExample.shader using Guid(17591f6e8249bac4badbb435655d00a2) Importer(815301076,1909f56bfc062723c751e8b465ee728b)  -> (artifact id: '3cb65b7273e246c3f4981158963aa0b2') in 0.030127 seconds
  Import took 0.078763 seconds .

========================================================================
Received Import Request.
  Time since last request: 0.006182 seconds.
  path: Assets/As Below/Shaders/TessellationExample/TessellationExample.shader
  artifactKey: Guid(17591f6e8249bac4badbb435655d00a2) Importer(815301076,1909f56bfc062723c751e8b465ee728b)
Start importing Assets/As Below/Shaders/TessellationExample/TessellationExample.shader using Guid(17591f6e8249bac4badbb435655d00a2) Importer(815301076,1909f56bfc062723c751e8b465ee728b)  -> (artifact id: '3cb65b7273e246c3f4981158963aa0b2') in 0.088212 seconds
  Import took 0.104528 seconds .

========================================================================
Received Import Request.
  Time since last request: 6.072749 seconds.
  path: Assets/As Below/Shaders/TessellationExample/TessellationExample.shader
  artifactKey: Guid(17591f6e8249bac4badbb435655d00a2) Importer(815301076,1909f56bfc062723c751e8b465ee728b)
Start importing Assets/As Below/Shaders/TessellationExample/TessellationExample.shader using Guid(17591f6e8249bac4badbb435655d00a2) Importer(815301076,1909f56bfc062723c751e8b465ee728b)  -> (artifact id: '1c551a22fd6c3a23744548c6dd42424d') in 0.043786 seconds
  Import took 0.078808 seconds .

========================================================================
Received Import Request.
  Time since last request: 11.478365 seconds.
  path: Assets/As Below/Shaders/TessellationExample/TessellationExample.shader
  artifactKey: Guid(17591f6e8249bac4badbb435655d00a2) Importer(815301076,1909f56bfc062723c751e8b465ee728b)
Start importing Assets/As Below/Shaders/TessellationExample/TessellationExample.shader using Guid(17591f6e8249bac4badbb435655d00a2) Importer(815301076,1909f56bfc062723c751e8b465ee728b)  -> (artifact id: 'e6ac6b266f02bf8d57e3026ae88aff4f') in 0.019163 seconds
  Import took 0.112645 seconds .

